{"name": "test_login_fail[cvbcvbcvb-bcvbcv]", "status": "skipped", "statusDetails": {"message": "XFAIL\n\nAssertionError: assert False\n +  where False = <bound method BasePage.element_present of <pages.home_page.HomePage object at 0x000002594E9DD700>>('HP_loggedin_edureka_XPATH')\n +    where <bound method BasePage.element_present of <pages.home_page.HomePage object at 0x000002594E9DD700>> = <pages.home_page.HomePage object at 0x000002594E9DD700>.element_present", "trace": "self = <test_login.TestsLogin object at 0x000002594E9D2A30>, email = 'cvbcvbcvb'\npassword = 'bcvbcv'\n\n    @pytest.mark.negativeinput\n    @pytest.mark.xfail\n    @pytest.mark.parametrize('email, password', getdata('TestDataPath','test_login_sheet_fail'))\n    def test_login_fail(self, email, password):\n        page = HomePage(self.driver)\n        page.dologin(email, password)\n        page.alluress(\"test_login_fail\")\n>       assert page.element_present('HP_loggedin_edureka_XPATH')\nE       AssertionError: assert False\nE        +  where False = <bound method BasePage.element_present of <pages.home_page.HomePage object at 0x000002594E9DD700>>('HP_loggedin_edureka_XPATH')\nE        +    where <bound method BasePage.element_present of <pages.home_page.HomePage object at 0x000002594E9DD700>> = <pages.home_page.HomePage object at 0x000002594E9DD700>.element_present\n\ntest_login.py:30: AssertionError"}, "attachments": [{"name": "test_login_fail", "source": "324f039e-52f9-4cee-a350-69d98de070f8-attachment.png", "type": "image/png"}], "parameters": [{"name": "email", "value": "'cvbcvbcvb'"}, {"name": "password", "value": "'bcvbcv'"}], "start": 1676066936377, "stop": 1676066944569, "uuid": "f19695c7-0c4b-463e-af40-5a5063400ee6", "historyId": "1d238b7c3bd4665545aa060d63a8a58f", "testCaseId": "a08d030014e5078067b3154e7651bf0e", "fullName": "test_login.TestsLogin#test_login_fail", "labels": [{"name": "tag", "value": "@pytest.mark.xfail"}, {"name": "tag", "value": "negativeinput"}, {"name": "tag", "value": "@pytest.mark.usefixtures('setup')"}, {"name": "suite", "value": "test_login"}, {"name": "subSuite", "value": "TestsLogin"}, {"name": "host", "value": "DESKTOP-T81NDI4"}, {"name": "thread", "value": "18324-MainThread"}, {"name": "framework", "value": "pytest"}, {"name": "language", "value": "cpython3"}, {"name": "package", "value": "test_login"}]}