{"name": "test_reg_fail[afghsdretu@gmail.com-658987542-asedased]", "status": "skipped", "statusDetails": {"message": "XFAIL\n\nAssertionError: assert False\n +  where False = <bound method BasePage.element_present of <pages.home_page.HomePage object at 0x000002594EA1BAF0>>('HP_loggedin_edureka_XPATH')\n +    where <bound method BasePage.element_present of <pages.home_page.HomePage object at 0x000002594EA1BAF0>> = <pages.home_page.HomePage object at 0x000002594EA1BAF0>.element_present", "trace": "self = <test_reg.TestsReg object at 0x000002594EA2BBB0>\nemail = 'afghsdretu@gmail.com', phoneno = 658987542, password = 'asedased'\n\n    @pytest.mark.negativeinput\n    @pytest.mark.xfail\n    @pytest.mark.parametrize('email, phoneno, password', getdata('TestDataPath','test_register_sheet_fail'))\n    def test_reg_fail(self, email, phoneno, password):\n        page = HomePage(self.driver)\n        page.reg_user(email, phoneno)\n        page.wait_visible('locators', 'signupWin_btn_XPATH')\n        assert page.enabled_button() == True\n        page.alluress('test_reg_fail')\n        page.reg_user2(password)\n        page.alluress('test_reg_fail')\n>       assert page.element_present('HP_loggedin_edureka_XPATH')\nE       AssertionError: assert False\nE        +  where False = <bound method BasePage.element_present of <pages.home_page.HomePage object at 0x000002594EA1BAF0>>('HP_loggedin_edureka_XPATH')\nE        +    where <bound method BasePage.element_present of <pages.home_page.HomePage object at 0x000002594EA1BAF0>> = <pages.home_page.HomePage object at 0x000002594EA1BAF0>.element_present\n\ntest_reg.py:35: AssertionError"}, "attachments": [{"name": "test_reg_fail", "source": "68d59d80-215c-43ca-9756-3a5f47e3dc50-attachment.png", "type": "image/png"}, {"name": "test_reg_fail", "source": "2ea43f97-2999-4ac1-bc2a-6b49bb46f3db-attachment.png", "type": "image/png"}], "parameters": [{"name": "email", "value": "'afghsdretu@gmail.com'"}, {"name": "phoneno", "value": "658987542"}, {"name": "password", "value": "'asedased'"}], "start": 1676067031089, "stop": 1676067041506, "uuid": "a61e04b1-8ee7-4532-87b9-9d5bec88b976", "historyId": "29525926780277bfe137e6280525daf3", "testCaseId": "9dd55a2798b498557103e9c72b0722fb", "fullName": "test_reg.TestsReg#test_reg_fail", "labels": [{"name": "tag", "value": "@pytest.mark.xfail"}, {"name": "tag", "value": "negativeinput"}, {"name": "tag", "value": "@pytest.mark.usefixtures('setup')"}, {"name": "suite", "value": "test_reg"}, {"name": "subSuite", "value": "TestsReg"}, {"name": "host", "value": "DESKTOP-T81NDI4"}, {"name": "thread", "value": "18324-MainThread"}, {"name": "framework", "value": "pytest"}, {"name": "language", "value": "cpython3"}, {"name": "package", "value": "test_reg"}]}