{"name": "test_reg_fail[afghsdretu@gmail.com-658987542-ASEDSAFR]", "status": "skipped", "statusDetails": {"message": "XFAIL\n\nAssertionError: assert False\n +  where False = <bound method BasePage.element_present of <pages.home_page.HomePage object at 0x000002594FB2E310>>('HP_loggedin_edureka_XPATH')\n +    where <bound method BasePage.element_present of <pages.home_page.HomePage object at 0x000002594FB2E310>> = <pages.home_page.HomePage object at 0x000002594FB2E310>.element_present", "trace": "self = <test_reg.TestsReg object at 0x000002594EA2B760>\nemail = 'afghsdretu@gmail.com', phoneno = 658987542, password = 'ASEDSAFR'\n\n    @pytest.mark.negativeinput\n    @pytest.mark.xfail\n    @pytest.mark.parametrize('email, phoneno, password', getdata('TestDataPath','test_register_sheet_fail'))\n    def test_reg_fail(self, email, phoneno, password):\n        page = HomePage(self.driver)\n        page.reg_user(email, phoneno)\n        page.wait_visible('locators', 'signupWin_btn_XPATH')\n        assert page.enabled_button() == True\n        page.alluress('test_reg_fail')\n        page.reg_user2(password)\n        page.alluress('test_reg_fail')\n>       assert page.element_present('HP_loggedin_edureka_XPATH')\nE       AssertionError: assert False\nE        +  where False = <bound method BasePage.element_present of <pages.home_page.HomePage object at 0x000002594FB2E310>>('HP_loggedin_edureka_XPATH')\nE        +    where <bound method BasePage.element_present of <pages.home_page.HomePage object at 0x000002594FB2E310>> = <pages.home_page.HomePage object at 0x000002594FB2E310>.element_present\n\ntest_reg.py:35: AssertionError"}, "attachments": [{"name": "test_reg_fail", "source": "be5e488c-e6f0-4d0b-91d1-0dbfc0486795-attachment.png", "type": "image/png"}, {"name": "test_reg_fail", "source": "f0bbbcc1-8e20-478e-b017-ff521852ffbd-attachment.png", "type": "image/png"}], "parameters": [{"name": "email", "value": "'afghsdretu@gmail.com'"}, {"name": "phoneno", "value": "658987542"}, {"name": "password", "value": "'ASEDSAFR'"}], "start": 1676067012092, "stop": 1676067022921, "uuid": "a98dbc2b-e3b4-4d21-aea0-e8f21bf77509", "historyId": "523644bbce65380e833059cb17b83386", "testCaseId": "9dd55a2798b498557103e9c72b0722fb", "fullName": "test_reg.TestsReg#test_reg_fail", "labels": [{"name": "tag", "value": "@pytest.mark.xfail"}, {"name": "tag", "value": "negativeinput"}, {"name": "tag", "value": "@pytest.mark.usefixtures('setup')"}, {"name": "suite", "value": "test_reg"}, {"name": "subSuite", "value": "TestsReg"}, {"name": "host", "value": "DESKTOP-T81NDI4"}, {"name": "thread", "value": "18324-MainThread"}, {"name": "framework", "value": "pytest"}, {"name": "language", "value": "cpython3"}, {"name": "package", "value": "test_reg"}]}