{"name": "test_reg_fail[afghsdretu@gmail.com-658987542-As]", "status": "skipped", "statusDetails": {"message": "XFAIL\n\nAssertionError: assert False\n +  where False = <bound method BasePage.element_present of <pages.home_page.HomePage object at 0x000002594FB34C70>>('HP_loggedin_edureka_XPATH')\n +    where <bound method BasePage.element_present of <pages.home_page.HomePage object at 0x000002594FB34C70>> = <pages.home_page.HomePage object at 0x000002594FB34C70>.element_present", "trace": "self = <test_reg.TestsReg object at 0x000002594EA2B7C0>\nemail = 'afghsdretu@gmail.com', phoneno = 658987542, password = 'As'\n\n    @pytest.mark.negativeinput\n    @pytest.mark.xfail\n    @pytest.mark.parametrize('email, phoneno, password', getdata('TestDataPath','test_register_sheet_fail'))\n    def test_reg_fail(self, email, phoneno, password):\n        page = HomePage(self.driver)\n        page.reg_user(email, phoneno)\n        page.wait_visible('locators', 'signupWin_btn_XPATH')\n        assert page.enabled_button() == True\n        page.alluress('test_reg_fail')\n        page.reg_user2(password)\n        page.alluress('test_reg_fail')\n>       assert page.element_present('HP_loggedin_edureka_XPATH')\nE       AssertionError: assert False\nE        +  where False = <bound method BasePage.element_present of <pages.home_page.HomePage object at 0x000002594FB34C70>>('HP_loggedin_edureka_XPATH')\nE        +    where <bound method BasePage.element_present of <pages.home_page.HomePage object at 0x000002594FB34C70>> = <pages.home_page.HomePage object at 0x000002594FB34C70>.element_present\n\ntest_reg.py:35: AssertionError"}, "attachments": [{"name": "test_reg_fail", "source": "74cc1f07-0544-45b3-a664-53c862ebf961-attachment.png", "type": "image/png"}, {"name": "test_reg_fail", "source": "8a7d109d-9655-407c-98c4-a4712c7d6a80-attachment.png", "type": "image/png"}], "parameters": [{"name": "email", "value": "'afghsdretu@gmail.com'"}, {"name": "phoneno", "value": "658987542"}, {"name": "password", "value": "'As'"}], "start": 1676067053070, "stop": 1676067064068, "uuid": "30530f84-b3ca-448e-aa22-0da0679c06e6", "historyId": "1170b46a76ae143c9f763d27f9fa9574", "testCaseId": "9dd55a2798b498557103e9c72b0722fb", "fullName": "test_reg.TestsReg#test_reg_fail", "labels": [{"name": "tag", "value": "@pytest.mark.xfail"}, {"name": "tag", "value": "negativeinput"}, {"name": "tag", "value": "@pytest.mark.usefixtures('setup')"}, {"name": "suite", "value": "test_reg"}, {"name": "subSuite", "value": "TestsReg"}, {"name": "host", "value": "DESKTOP-T81NDI4"}, {"name": "thread", "value": "18324-MainThread"}, {"name": "framework", "value": "pytest"}, {"name": "language", "value": "cpython3"}, {"name": "package", "value": "test_reg"}]}