{
  "uid" : "7f86f12e2507b12",
  "name" : "test_login_fail[asdretsdu@gmail.com-adsed]",
  "fullName" : "test_login.TestsLogin#test_login_fail",
  "historyId" : "86b88cb49f14a39407999669b96a82bf",
  "time" : {
    "start" : 1676066901381,
    "stop" : 1676066910733,
    "duration" : 9352
  },
  "status" : "skipped",
  "statusMessage" : "XFAIL\n\nAssertionError: assert False\n +  where False = <bound method BasePage.element_present of <pages.home_page.HomePage object at 0x000002594EA2BA60>>('HP_loggedin_edureka_XPATH')\n +    where <bound method BasePage.element_present of <pages.home_page.HomePage object at 0x000002594EA2BA60>> = <pages.home_page.HomePage object at 0x000002594EA2BA60>.element_present",
  "statusTrace" : "self = <test_login.TestsLogin object at 0x000002594E9D2730>\nemail = 'asdretsdu@gmail.com', password = 'adsed'\n\n    @pytest.mark.negativeinput\n    @pytest.mark.xfail\n    @pytest.mark.parametrize('email, password', getdata('TestDataPath','test_login_sheet_fail'))\n    def test_login_fail(self, email, password):\n        page = HomePage(self.driver)\n        page.dologin(email, password)\n        page.alluress(\"test_login_fail\")\n>       assert page.element_present('HP_loggedin_edureka_XPATH')\nE       AssertionError: assert False\nE        +  where False = <bound method BasePage.element_present of <pages.home_page.HomePage object at 0x000002594EA2BA60>>('HP_loggedin_edureka_XPATH')\nE        +    where <bound method BasePage.element_present of <pages.home_page.HomePage object at 0x000002594EA2BA60>> = <pages.home_page.HomePage object at 0x000002594EA2BA60>.element_present\n\ntest_login.py:30: AssertionError",
  "flaky" : false,
  "newFailed" : false,
  "newBroken" : false,
  "newPassed" : false,
  "retriesCount" : 0,
  "retriesStatusChange" : false,
  "beforeStages" : [ {
    "name" : "setup",
    "time" : {
      "start" : 1676066893687,
      "stop" : 1676066901380,
      "duration" : 7693
    },
    "status" : "passed",
    "steps" : [ ],
    "attachments" : [ ],
    "parameters" : [ ],
    "attachmentsCount" : 0,
    "shouldDisplayMessage" : false,
    "hasContent" : false,
    "stepsCount" : 0
  } ],
  "testStage" : {
    "status" : "skipped",
    "statusMessage" : "XFAIL\n\nAssertionError: assert False\n +  where False = <bound method BasePage.element_present of <pages.home_page.HomePage object at 0x000002594EA2BA60>>('HP_loggedin_edureka_XPATH')\n +    where <bound method BasePage.element_present of <pages.home_page.HomePage object at 0x000002594EA2BA60>> = <pages.home_page.HomePage object at 0x000002594EA2BA60>.element_present",
    "statusTrace" : "self = <test_login.TestsLogin object at 0x000002594E9D2730>\nemail = 'asdretsdu@gmail.com', password = 'adsed'\n\n    @pytest.mark.negativeinput\n    @pytest.mark.xfail\n    @pytest.mark.parametrize('email, password', getdata('TestDataPath','test_login_sheet_fail'))\n    def test_login_fail(self, email, password):\n        page = HomePage(self.driver)\n        page.dologin(email, password)\n        page.alluress(\"test_login_fail\")\n>       assert page.element_present('HP_loggedin_edureka_XPATH')\nE       AssertionError: assert False\nE        +  where False = <bound method BasePage.element_present of <pages.home_page.HomePage object at 0x000002594EA2BA60>>('HP_loggedin_edureka_XPATH')\nE        +    where <bound method BasePage.element_present of <pages.home_page.HomePage object at 0x000002594EA2BA60>> = <pages.home_page.HomePage object at 0x000002594EA2BA60>.element_present\n\ntest_login.py:30: AssertionError",
    "steps" : [ ],
    "attachments" : [ {
      "uid" : "8869f67f1f9f8d52",
      "name" : "test_login_fail",
      "source" : "8869f67f1f9f8d52.png",
      "type" : "image/png",
      "size" : 405154
    } ],
    "parameters" : [ ],
    "attachmentsCount" : 1,
    "shouldDisplayMessage" : true,
    "hasContent" : true,
    "stepsCount" : 0
  },
  "afterStages" : [ {
    "name" : "setup::0",
    "time" : {
      "start" : 1676066910740,
      "stop" : 1676066913018,
      "duration" : 2278
    },
    "status" : "passed",
    "steps" : [ ],
    "attachments" : [ ],
    "parameters" : [ ],
    "attachmentsCount" : 0,
    "shouldDisplayMessage" : false,
    "hasContent" : false,
    "stepsCount" : 0
  } ],
  "labels" : [ {
    "name" : "tag",
    "value" : "@pytest.mark.xfail"
  }, {
    "name" : "tag",
    "value" : "negativeinput"
  }, {
    "name" : "tag",
    "value" : "@pytest.mark.usefixtures('setup')"
  }, {
    "name" : "suite",
    "value" : "test_login"
  }, {
    "name" : "subSuite",
    "value" : "TestsLogin"
  }, {
    "name" : "host",
    "value" : "DESKTOP-T81NDI4"
  }, {
    "name" : "thread",
    "value" : "18324-MainThread"
  }, {
    "name" : "framework",
    "value" : "pytest"
  }, {
    "name" : "language",
    "value" : "cpython3"
  }, {
    "name" : "package",
    "value" : "test_login"
  }, {
    "name" : "resultFormat",
    "value" : "allure2"
  } ],
  "parameters" : [ {
    "name" : "email",
    "value" : "'asdretsdu@gmail.com'"
  }, {
    "name" : "password",
    "value" : "'adsed'"
  } ],
  "links" : [ ],
  "hidden" : false,
  "retry" : false,
  "extra" : {
    "severity" : "normal",
    "retries" : [ ],
    "categories" : [ ],
    "tags" : [ "@pytest.mark.xfail", "negativeinput", "@pytest.mark.usefixtures('setup')" ]
  },
  "source" : "7f86f12e2507b12.json",
  "parameterValues" : [ "'asdretsdu@gmail.com'", "'adsed'" ]
}