{
  "uid" : "98b0b8dff63e60c3",
  "name" : "test_login_fail[asdretu@gmail.com-Asedasedfgfghfghgf]",
  "fullName" : "test_login.TestsLogin#test_login_fail",
  "historyId" : "7f268eb9c90d2c85aecedd5523c8a333",
  "time" : {
    "start" : 1676066919672,
    "stop" : 1676066927686,
    "duration" : 8014
  },
  "status" : "skipped",
  "statusMessage" : "XFAIL\n\nAssertionError: assert False\n +  where False = <bound method BasePage.element_present of <pages.home_page.HomePage object at 0x000002594FB55B20>>('HP_loggedin_edureka_XPATH')\n +    where <bound method BasePage.element_present of <pages.home_page.HomePage object at 0x000002594FB55B20>> = <pages.home_page.HomePage object at 0x000002594FB55B20>.element_present",
  "statusTrace" : "self = <test_login.TestsLogin object at 0x000002594E9D2820>\nemail = 'asdretu@gmail.com', password = 'Asedasedfgfghfghgf'\n\n    @pytest.mark.negativeinput\n    @pytest.mark.xfail\n    @pytest.mark.parametrize('email, password', getdata('TestDataPath','test_login_sheet_fail'))\n    def test_login_fail(self, email, password):\n        page = HomePage(self.driver)\n        page.dologin(email, password)\n        page.alluress(\"test_login_fail\")\n>       assert page.element_present('HP_loggedin_edureka_XPATH')\nE       AssertionError: assert False\nE        +  where False = <bound method BasePage.element_present of <pages.home_page.HomePage object at 0x000002594FB55B20>>('HP_loggedin_edureka_XPATH')\nE        +    where <bound method BasePage.element_present of <pages.home_page.HomePage object at 0x000002594FB55B20>> = <pages.home_page.HomePage object at 0x000002594FB55B20>.element_present\n\ntest_login.py:30: AssertionError",
  "flaky" : false,
  "newFailed" : false,
  "newBroken" : false,
  "newPassed" : false,
  "retriesCount" : 0,
  "retriesStatusChange" : false,
  "beforeStages" : [ {
    "name" : "setup",
    "time" : {
      "start" : 1676066913027,
      "stop" : 1676066919671,
      "duration" : 6644
    },
    "status" : "passed",
    "steps" : [ ],
    "attachments" : [ ],
    "parameters" : [ ],
    "attachmentsCount" : 0,
    "shouldDisplayMessage" : false,
    "hasContent" : false,
    "stepsCount" : 0
  } ],
  "testStage" : {
    "status" : "skipped",
    "statusMessage" : "XFAIL\n\nAssertionError: assert False\n +  where False = <bound method BasePage.element_present of <pages.home_page.HomePage object at 0x000002594FB55B20>>('HP_loggedin_edureka_XPATH')\n +    where <bound method BasePage.element_present of <pages.home_page.HomePage object at 0x000002594FB55B20>> = <pages.home_page.HomePage object at 0x000002594FB55B20>.element_present",
    "statusTrace" : "self = <test_login.TestsLogin object at 0x000002594E9D2820>\nemail = 'asdretu@gmail.com', password = 'Asedasedfgfghfghgf'\n\n    @pytest.mark.negativeinput\n    @pytest.mark.xfail\n    @pytest.mark.parametrize('email, password', getdata('TestDataPath','test_login_sheet_fail'))\n    def test_login_fail(self, email, password):\n        page = HomePage(self.driver)\n        page.dologin(email, password)\n        page.alluress(\"test_login_fail\")\n>       assert page.element_present('HP_loggedin_edureka_XPATH')\nE       AssertionError: assert False\nE        +  where False = <bound method BasePage.element_present of <pages.home_page.HomePage object at 0x000002594FB55B20>>('HP_loggedin_edureka_XPATH')\nE        +    where <bound method BasePage.element_present of <pages.home_page.HomePage object at 0x000002594FB55B20>> = <pages.home_page.HomePage object at 0x000002594FB55B20>.element_present\n\ntest_login.py:30: AssertionError",
    "steps" : [ ],
    "attachments" : [ {
      "uid" : "8563dc4cbdfc0535",
      "name" : "test_login_fail",
      "source" : "8563dc4cbdfc0535.png",
      "type" : "image/png",
      "size" : 201636
    } ],
    "parameters" : [ ],
    "attachmentsCount" : 1,
    "shouldDisplayMessage" : true,
    "hasContent" : true,
    "stepsCount" : 0
  },
  "afterStages" : [ {
    "name" : "setup::0",
    "time" : {
      "start" : 1676066927693,
      "stop" : 1676066929911,
      "duration" : 2218
    },
    "status" : "passed",
    "steps" : [ ],
    "attachments" : [ ],
    "parameters" : [ ],
    "attachmentsCount" : 0,
    "shouldDisplayMessage" : false,
    "hasContent" : false,
    "stepsCount" : 0
  } ],
  "labels" : [ {
    "name" : "tag",
    "value" : "@pytest.mark.xfail"
  }, {
    "name" : "tag",
    "value" : "negativeinput"
  }, {
    "name" : "tag",
    "value" : "@pytest.mark.usefixtures('setup')"
  }, {
    "name" : "suite",
    "value" : "test_login"
  }, {
    "name" : "subSuite",
    "value" : "TestsLogin"
  }, {
    "name" : "host",
    "value" : "DESKTOP-T81NDI4"
  }, {
    "name" : "thread",
    "value" : "18324-MainThread"
  }, {
    "name" : "framework",
    "value" : "pytest"
  }, {
    "name" : "language",
    "value" : "cpython3"
  }, {
    "name" : "package",
    "value" : "test_login"
  }, {
    "name" : "resultFormat",
    "value" : "allure2"
  } ],
  "parameters" : [ {
    "name" : "email",
    "value" : "'asdretu@gmail.com'"
  }, {
    "name" : "password",
    "value" : "'Asedasedfgfghfghgf'"
  } ],
  "links" : [ ],
  "hidden" : false,
  "retry" : false,
  "extra" : {
    "severity" : "normal",
    "retries" : [ ],
    "categories" : [ ],
    "tags" : [ "@pytest.mark.xfail", "negativeinput", "@pytest.mark.usefixtures('setup')" ]
  },
  "source" : "98b0b8dff63e60c3.json",
  "parameterValues" : [ "'asdretu@gmail.com'", "'Asedasedfgfghfghgf'" ]
}