{
  "uid" : "cbbcc538d2e7287b",
  "name" : "test_login_fail[fdgfdgdsfgdsf-Asedased]",
  "fullName" : "test_login.TestsLogin#test_login_fail",
  "historyId" : "a68cd05a071cdee997176b9b58bb447d",
  "time" : {
    "start" : 1676066882317,
    "stop" : 1676066891434,
    "duration" : 9117
  },
  "status" : "skipped",
  "statusMessage" : "XFAIL\n\nAssertionError: assert False\n +  where False = <bound method BasePage.element_present of <pages.home_page.HomePage object at 0x000002594EAB2700>>('HP_loggedin_edureka_XPATH')\n +    where <bound method BasePage.element_present of <pages.home_page.HomePage object at 0x000002594EAB2700>> = <pages.home_page.HomePage object at 0x000002594EAB2700>.element_present",
  "statusTrace" : "self = <test_login.TestsLogin object at 0x000002594E9D2790>\nemail = 'fdgfdgdsfgdsf', password = 'Asedased'\n\n    @pytest.mark.negativeinput\n    @pytest.mark.xfail\n    @pytest.mark.parametrize('email, password', getdata('TestDataPath','test_login_sheet_fail'))\n    def test_login_fail(self, email, password):\n        page = HomePage(self.driver)\n        page.dologin(email, password)\n        page.alluress(\"test_login_fail\")\n>       assert page.element_present('HP_loggedin_edureka_XPATH')\nE       AssertionError: assert False\nE        +  where False = <bound method BasePage.element_present of <pages.home_page.HomePage object at 0x000002594EAB2700>>('HP_loggedin_edureka_XPATH')\nE        +    where <bound method BasePage.element_present of <pages.home_page.HomePage object at 0x000002594EAB2700>> = <pages.home_page.HomePage object at 0x000002594EAB2700>.element_present\n\ntest_login.py:30: AssertionError",
  "flaky" : false,
  "newFailed" : false,
  "newBroken" : false,
  "newPassed" : false,
  "retriesCount" : 0,
  "retriesStatusChange" : false,
  "beforeStages" : [ {
    "name" : "setup",
    "time" : {
      "start" : 1676066875257,
      "stop" : 1676066882315,
      "duration" : 7058
    },
    "status" : "passed",
    "steps" : [ ],
    "attachments" : [ ],
    "parameters" : [ ],
    "attachmentsCount" : 0,
    "shouldDisplayMessage" : false,
    "hasContent" : false,
    "stepsCount" : 0
  } ],
  "testStage" : {
    "status" : "skipped",
    "statusMessage" : "XFAIL\n\nAssertionError: assert False\n +  where False = <bound method BasePage.element_present of <pages.home_page.HomePage object at 0x000002594EAB2700>>('HP_loggedin_edureka_XPATH')\n +    where <bound method BasePage.element_present of <pages.home_page.HomePage object at 0x000002594EAB2700>> = <pages.home_page.HomePage object at 0x000002594EAB2700>.element_present",
    "statusTrace" : "self = <test_login.TestsLogin object at 0x000002594E9D2790>\nemail = 'fdgfdgdsfgdsf', password = 'Asedased'\n\n    @pytest.mark.negativeinput\n    @pytest.mark.xfail\n    @pytest.mark.parametrize('email, password', getdata('TestDataPath','test_login_sheet_fail'))\n    def test_login_fail(self, email, password):\n        page = HomePage(self.driver)\n        page.dologin(email, password)\n        page.alluress(\"test_login_fail\")\n>       assert page.element_present('HP_loggedin_edureka_XPATH')\nE       AssertionError: assert False\nE        +  where False = <bound method BasePage.element_present of <pages.home_page.HomePage object at 0x000002594EAB2700>>('HP_loggedin_edureka_XPATH')\nE        +    where <bound method BasePage.element_present of <pages.home_page.HomePage object at 0x000002594EAB2700>> = <pages.home_page.HomePage object at 0x000002594EAB2700>.element_present\n\ntest_login.py:30: AssertionError",
    "steps" : [ ],
    "attachments" : [ {
      "uid" : "4a14183be23b02ca",
      "name" : "test_login_fail",
      "source" : "4a14183be23b02ca.png",
      "type" : "image/png",
      "size" : 406622
    } ],
    "parameters" : [ ],
    "attachmentsCount" : 1,
    "shouldDisplayMessage" : true,
    "hasContent" : true,
    "stepsCount" : 0
  },
  "afterStages" : [ {
    "name" : "setup::0",
    "time" : {
      "start" : 1676066891446,
      "stop" : 1676066893682,
      "duration" : 2236
    },
    "status" : "passed",
    "steps" : [ ],
    "attachments" : [ ],
    "parameters" : [ ],
    "attachmentsCount" : 0,
    "shouldDisplayMessage" : false,
    "hasContent" : false,
    "stepsCount" : 0
  } ],
  "labels" : [ {
    "name" : "tag",
    "value" : "@pytest.mark.xfail"
  }, {
    "name" : "tag",
    "value" : "negativeinput"
  }, {
    "name" : "tag",
    "value" : "@pytest.mark.usefixtures('setup')"
  }, {
    "name" : "suite",
    "value" : "test_login"
  }, {
    "name" : "subSuite",
    "value" : "TestsLogin"
  }, {
    "name" : "host",
    "value" : "DESKTOP-T81NDI4"
  }, {
    "name" : "thread",
    "value" : "18324-MainThread"
  }, {
    "name" : "framework",
    "value" : "pytest"
  }, {
    "name" : "language",
    "value" : "cpython3"
  }, {
    "name" : "package",
    "value" : "test_login"
  }, {
    "name" : "resultFormat",
    "value" : "allure2"
  } ],
  "parameters" : [ {
    "name" : "email",
    "value" : "'fdgfdgdsfgdsf'"
  }, {
    "name" : "password",
    "value" : "'Asedased'"
  } ],
  "links" : [ ],
  "hidden" : false,
  "retry" : false,
  "extra" : {
    "severity" : "normal",
    "retries" : [ ],
    "categories" : [ ],
    "tags" : [ "@pytest.mark.xfail", "negativeinput", "@pytest.mark.usefixtures('setup')" ]
  },
  "source" : "cbbcc538d2e7287b.json",
  "parameterValues" : [ "'fdgfdgdsfgdsf'", "'Asedased'" ]
}