{
  "uid" : "faf3d0a16ec6796b",
  "name" : "test_reg_fail[afghsdretu@gmail.com-658987542-        ]",
  "fullName" : "test_reg.TestsReg#test_reg_fail",
  "historyId" : "0e9ccf514b57b7276af59e2ac48d08eb",
  "time" : {
    "start" : 1676067085537,
    "stop" : 1676067097340,
    "duration" : 11803
  },
  "status" : "skipped",
  "statusMessage" : "XFAIL\n\nAssertionError: assert False\n +  where False = <bound method BasePage.element_present of <pages.home_page.HomePage object at 0x000002594FB55AF0>>('HP_loggedin_edureka_XPATH')\n +    where <bound method BasePage.element_present of <pages.home_page.HomePage object at 0x000002594FB55AF0>> = <pages.home_page.HomePage object at 0x000002594FB55AF0>.element_present",
  "statusTrace" : "self = <test_reg.TestsReg object at 0x000002594EA2B8B0>\nemail = 'afghsdretu@gmail.com', phoneno = 658987542, password = '        '\n\n    @pytest.mark.negativeinput\n    @pytest.mark.xfail\n    @pytest.mark.parametrize('email, phoneno, password', getdata('TestDataPath','test_register_sheet_fail'))\n    def test_reg_fail(self, email, phoneno, password):\n        page = HomePage(self.driver)\n        page.reg_user(email, phoneno)\n        page.wait_visible('locators', 'signupWin_btn_XPATH')\n        assert page.enabled_button() == True\n        page.alluress('test_reg_fail')\n        page.reg_user2(password)\n        page.alluress('test_reg_fail')\n>       assert page.element_present('HP_loggedin_edureka_XPATH')\nE       AssertionError: assert False\nE        +  where False = <bound method BasePage.element_present of <pages.home_page.HomePage object at 0x000002594FB55AF0>>('HP_loggedin_edureka_XPATH')\nE        +    where <bound method BasePage.element_present of <pages.home_page.HomePage object at 0x000002594FB55AF0>> = <pages.home_page.HomePage object at 0x000002594FB55AF0>.element_present\n\ntest_reg.py:35: AssertionError",
  "flaky" : false,
  "newFailed" : false,
  "newBroken" : false,
  "newPassed" : false,
  "retriesCount" : 0,
  "retriesStatusChange" : false,
  "beforeStages" : [ {
    "name" : "setup",
    "time" : {
      "start" : 1676067078308,
      "stop" : 1676067085535,
      "duration" : 7227
    },
    "status" : "passed",
    "steps" : [ ],
    "attachments" : [ ],
    "parameters" : [ ],
    "attachmentsCount" : 0,
    "shouldDisplayMessage" : false,
    "hasContent" : false,
    "stepsCount" : 0
  } ],
  "testStage" : {
    "status" : "skipped",
    "statusMessage" : "XFAIL\n\nAssertionError: assert False\n +  where False = <bound method BasePage.element_present of <pages.home_page.HomePage object at 0x000002594FB55AF0>>('HP_loggedin_edureka_XPATH')\n +    where <bound method BasePage.element_present of <pages.home_page.HomePage object at 0x000002594FB55AF0>> = <pages.home_page.HomePage object at 0x000002594FB55AF0>.element_present",
    "statusTrace" : "self = <test_reg.TestsReg object at 0x000002594EA2B8B0>\nemail = 'afghsdretu@gmail.com', phoneno = 658987542, password = '        '\n\n    @pytest.mark.negativeinput\n    @pytest.mark.xfail\n    @pytest.mark.parametrize('email, phoneno, password', getdata('TestDataPath','test_register_sheet_fail'))\n    def test_reg_fail(self, email, phoneno, password):\n        page = HomePage(self.driver)\n        page.reg_user(email, phoneno)\n        page.wait_visible('locators', 'signupWin_btn_XPATH')\n        assert page.enabled_button() == True\n        page.alluress('test_reg_fail')\n        page.reg_user2(password)\n        page.alluress('test_reg_fail')\n>       assert page.element_present('HP_loggedin_edureka_XPATH')\nE       AssertionError: assert False\nE        +  where False = <bound method BasePage.element_present of <pages.home_page.HomePage object at 0x000002594FB55AF0>>('HP_loggedin_edureka_XPATH')\nE        +    where <bound method BasePage.element_present of <pages.home_page.HomePage object at 0x000002594FB55AF0>> = <pages.home_page.HomePage object at 0x000002594FB55AF0>.element_present\n\ntest_reg.py:35: AssertionError",
    "steps" : [ ],
    "attachments" : [ {
      "uid" : "e04a89f11288df8a",
      "name" : "test_reg_fail",
      "source" : "e04a89f11288df8a.png",
      "type" : "image/png",
      "size" : 406708
    }, {
      "uid" : "d188f3475b7e01b5",
      "name" : "test_reg_fail",
      "source" : "d188f3475b7e01b5.png",
      "type" : "image/png",
      "size" : 419788
    } ],
    "parameters" : [ ],
    "attachmentsCount" : 2,
    "shouldDisplayMessage" : true,
    "hasContent" : true,
    "stepsCount" : 0
  },
  "afterStages" : [ {
    "name" : "setup::0",
    "time" : {
      "start" : 1676067097350,
      "stop" : 1676067099576,
      "duration" : 2226
    },
    "status" : "passed",
    "steps" : [ ],
    "attachments" : [ ],
    "parameters" : [ ],
    "attachmentsCount" : 0,
    "shouldDisplayMessage" : false,
    "hasContent" : false,
    "stepsCount" : 0
  } ],
  "labels" : [ {
    "name" : "tag",
    "value" : "@pytest.mark.xfail"
  }, {
    "name" : "tag",
    "value" : "negativeinput"
  }, {
    "name" : "tag",
    "value" : "@pytest.mark.usefixtures('setup')"
  }, {
    "name" : "suite",
    "value" : "test_reg"
  }, {
    "name" : "subSuite",
    "value" : "TestsReg"
  }, {
    "name" : "host",
    "value" : "DESKTOP-T81NDI4"
  }, {
    "name" : "thread",
    "value" : "18324-MainThread"
  }, {
    "name" : "framework",
    "value" : "pytest"
  }, {
    "name" : "language",
    "value" : "cpython3"
  }, {
    "name" : "package",
    "value" : "test_reg"
  }, {
    "name" : "resultFormat",
    "value" : "allure2"
  } ],
  "parameters" : [ {
    "name" : "email",
    "value" : "'afghsdretu@gmail.com'"
  }, {
    "name" : "password",
    "value" : "'        '"
  }, {
    "name" : "phoneno",
    "value" : "658987542"
  } ],
  "links" : [ ],
  "hidden" : false,
  "retry" : false,
  "extra" : {
    "severity" : "normal",
    "retries" : [ ],
    "categories" : [ ],
    "tags" : [ "@pytest.mark.xfail", "negativeinput", "@pytest.mark.usefixtures('setup')" ]
  },
  "source" : "faf3d0a16ec6796b.json",
  "parameterValues" : [ "'afghsdretu@gmail.com'", "'        '", "658987542" ]
}