{
  "uid" : "ffb38ca1a16f955b",
  "name" : "test_login_fail[cvbcvbcvb-bcvbcv]",
  "fullName" : "test_login.TestsLogin#test_login_fail",
  "historyId" : "1d238b7c3bd4665545aa060d63a8a58f",
  "time" : {
    "start" : 1676066936377,
    "stop" : 1676066944569,
    "duration" : 8192
  },
  "status" : "skipped",
  "statusMessage" : "XFAIL\n\nAssertionError: assert False\n +  where False = <bound method BasePage.element_present of <pages.home_page.HomePage object at 0x000002594E9DD700>>('HP_loggedin_edureka_XPATH')\n +    where <bound method BasePage.element_present of <pages.home_page.HomePage object at 0x000002594E9DD700>> = <pages.home_page.HomePage object at 0x000002594E9DD700>.element_present",
  "statusTrace" : "self = <test_login.TestsLogin object at 0x000002594E9D2A30>, email = 'cvbcvbcvb'\npassword = 'bcvbcv'\n\n    @pytest.mark.negativeinput\n    @pytest.mark.xfail\n    @pytest.mark.parametrize('email, password', getdata('TestDataPath','test_login_sheet_fail'))\n    def test_login_fail(self, email, password):\n        page = HomePage(self.driver)\n        page.dologin(email, password)\n        page.alluress(\"test_login_fail\")\n>       assert page.element_present('HP_loggedin_edureka_XPATH')\nE       AssertionError: assert False\nE        +  where False = <bound method BasePage.element_present of <pages.home_page.HomePage object at 0x000002594E9DD700>>('HP_loggedin_edureka_XPATH')\nE        +    where <bound method BasePage.element_present of <pages.home_page.HomePage object at 0x000002594E9DD700>> = <pages.home_page.HomePage object at 0x000002594E9DD700>.element_present\n\ntest_login.py:30: AssertionError",
  "flaky" : false,
  "newFailed" : false,
  "newBroken" : false,
  "newPassed" : false,
  "retriesCount" : 0,
  "retriesStatusChange" : false,
  "beforeStages" : [ {
    "name" : "setup",
    "time" : {
      "start" : 1676066929915,
      "stop" : 1676066936376,
      "duration" : 6461
    },
    "status" : "passed",
    "steps" : [ ],
    "attachments" : [ ],
    "parameters" : [ ],
    "attachmentsCount" : 0,
    "shouldDisplayMessage" : false,
    "hasContent" : false,
    "stepsCount" : 0
  } ],
  "testStage" : {
    "status" : "skipped",
    "statusMessage" : "XFAIL\n\nAssertionError: assert False\n +  where False = <bound method BasePage.element_present of <pages.home_page.HomePage object at 0x000002594E9DD700>>('HP_loggedin_edureka_XPATH')\n +    where <bound method BasePage.element_present of <pages.home_page.HomePage object at 0x000002594E9DD700>> = <pages.home_page.HomePage object at 0x000002594E9DD700>.element_present",
    "statusTrace" : "self = <test_login.TestsLogin object at 0x000002594E9D2A30>, email = 'cvbcvbcvb'\npassword = 'bcvbcv'\n\n    @pytest.mark.negativeinput\n    @pytest.mark.xfail\n    @pytest.mark.parametrize('email, password', getdata('TestDataPath','test_login_sheet_fail'))\n    def test_login_fail(self, email, password):\n        page = HomePage(self.driver)\n        page.dologin(email, password)\n        page.alluress(\"test_login_fail\")\n>       assert page.element_present('HP_loggedin_edureka_XPATH')\nE       AssertionError: assert False\nE        +  where False = <bound method BasePage.element_present of <pages.home_page.HomePage object at 0x000002594E9DD700>>('HP_loggedin_edureka_XPATH')\nE        +    where <bound method BasePage.element_present of <pages.home_page.HomePage object at 0x000002594E9DD700>> = <pages.home_page.HomePage object at 0x000002594E9DD700>.element_present\n\ntest_login.py:30: AssertionError",
    "steps" : [ ],
    "attachments" : [ {
      "uid" : "10565196139a02de",
      "name" : "test_login_fail",
      "source" : "10565196139a02de.png",
      "type" : "image/png",
      "size" : 407621
    } ],
    "parameters" : [ ],
    "attachmentsCount" : 1,
    "shouldDisplayMessage" : true,
    "hasContent" : true,
    "stepsCount" : 0
  },
  "afterStages" : [ {
    "name" : "setup::0",
    "time" : {
      "start" : 1676066944577,
      "stop" : 1676066946786,
      "duration" : 2209
    },
    "status" : "passed",
    "steps" : [ ],
    "attachments" : [ ],
    "parameters" : [ ],
    "attachmentsCount" : 0,
    "shouldDisplayMessage" : false,
    "hasContent" : false,
    "stepsCount" : 0
  } ],
  "labels" : [ {
    "name" : "tag",
    "value" : "@pytest.mark.xfail"
  }, {
    "name" : "tag",
    "value" : "negativeinput"
  }, {
    "name" : "tag",
    "value" : "@pytest.mark.usefixtures('setup')"
  }, {
    "name" : "suite",
    "value" : "test_login"
  }, {
    "name" : "subSuite",
    "value" : "TestsLogin"
  }, {
    "name" : "host",
    "value" : "DESKTOP-T81NDI4"
  }, {
    "name" : "thread",
    "value" : "18324-MainThread"
  }, {
    "name" : "framework",
    "value" : "pytest"
  }, {
    "name" : "language",
    "value" : "cpython3"
  }, {
    "name" : "package",
    "value" : "test_login"
  }, {
    "name" : "resultFormat",
    "value" : "allure2"
  } ],
  "parameters" : [ {
    "name" : "email",
    "value" : "'cvbcvbcvb'"
  }, {
    "name" : "password",
    "value" : "'bcvbcv'"
  } ],
  "links" : [ ],
  "hidden" : false,
  "retry" : false,
  "extra" : {
    "severity" : "normal",
    "retries" : [ ],
    "categories" : [ ],
    "tags" : [ "@pytest.mark.xfail", "negativeinput", "@pytest.mark.usefixtures('setup')" ]
  },
  "source" : "ffb38ca1a16f955b.json",
  "parameterValues" : [ "'cvbcvbcvb'", "'bcvbcv'" ]
}